u,node_modules\public-encrypt\node_modules\bn.js,Mon, 30 May 2022 08:57:07 GMT
u,node_modules\big.js,Mon, 30 May 2022 09:00:42 GMT
u,node_modules\decimal.js,Mon, 30 May 2022 09:00:43 GMT
u,src\Pages\Dashboard.jsx,Mon, 30 May 2022 09:04:29 GMT
u,src\Pages\Dashboard.jsx,Mon, 30 May 2022 09:04:29 GMT
u,src\Pages\Dashboard.jsx,Mon, 30 May 2022 09:04:29 GMT
u,src\Pages\Dashboard.jsx,Mon, 30 May 2022 09:04:33 GMT
u,src\Pages\Dashboard.jsx,Mon, 30 May 2022 09:04:33 GMT
u,src\Pages\Dashboard.jsx,Mon, 30 May 2022 09:04:33 GMT
u,src\App.js,Mon, 30 May 2022 09:06:47 GMT
u,src\App.js,Mon, 30 May 2022 09:06:47 GMT
u,src\App.js,Mon, 30 May 2022 09:06:47 GMT
u,src\App.js,Mon, 30 May 2022 09:07:28 GMT
u,src\App.js,Mon, 30 May 2022 09:07:28 GMT
u,src\App.js,Mon, 30 May 2022 09:07:28 GMT
u,src\App.js,Mon, 30 May 2022 09:07:30 GMT
u,src\App.js,Mon, 30 May 2022 09:07:30 GMT
u,src\App.js,Mon, 30 May 2022 09:07:30 GMT
u,src\Pages\AllRoutes.jsx,Mon, 30 May 2022 09:07:35 GMT
u,src\Pages\AllRoutes.jsx,Mon, 30 May 2022 09:07:35 GMT
u,src\Pages\AllRoutes.jsx,Mon, 30 May 2022 09:07:35 GMT
u,src\Pages\AllRoutes.jsx,Mon, 30 May 2022 09:15:14 GMT
u,src\App.js,Mon, 30 May 2022 09:15:17 GMT
u,src\Pages\AllRoutes.jsx,Mon, 30 May 2022 10:58:33 GMT
